<?xml version="1.0" encoding="UTF-8"?>
<!-- Generated by org.testng.reporters.JUnitReportReporter -->
<testsuite hostname="LAPTOP-MJ36HM04" failures="0" tests="1" name="academy.ValidateTitle" time="0.619" errors="0" timestamp="2022-06-10T19:30:39 IST" skipped="0">
  <testcase classname="academy.ValidateTitle" name="validatingTitle" time="0.619"/>
  <system-out/>
</testsuite> <!-- academy.ValidateTitle -->
