<?xml version="1.0" encoding="UTF-8"?>
<!-- Generated by org.testng.reporters.JUnitReportReporter -->
<testsuite hostname="LAPTOP-MJ36HM04" failures="0" tests="1" name="academy.Practicelog4j" time="0.029" errors="0" timestamp="2022-06-02T16:56:43 IST" skipped="0">
  <testcase classname="academy.Practicelog4j" name="sam" time="0.029"/>
  <system-out/>
</testsuite> <!-- academy.Practicelog4j -->
