<?xml version="1.0" encoding="UTF-8"?>
<!-- Generated by org.testng.reporters.JUnitReportReporter -->
<testsuite skipped="0" hostname="LAPTOP-MJ36HM04" name="academy.HomePage" tests="2" failures="0" timestamp="2022-06-10T22:45:08 IST" time="14.188" errors="0">
  <testcase name="homePageNavigation" time="10.865" classname="academy.HomePage"/>
  <system-out/>
  <testcase name="homePageNavigation" time="3.323" classname="academy.HomePage"/>
  <system-out/>
</testsuite> <!-- academy.HomePage -->
