<?xml version="1.0" encoding="UTF-8"?>
<!-- Generated by org.testng.reporters.JUnitReportReporter -->
<testsuite skipped="0" hostname="LAPTOP-MJ36HM04" name="academy.HomePage" tests="2" failures="0" timestamp="2022-06-13T08:26:38 IST" time="19.781" errors="0">
  <testcase name="homePageNavigation" time="13.714" classname="academy.HomePage"/>
  <system-out/>
  <testcase name="homePageNavigation" time="6.067" classname="academy.HomePage"/>
  <system-out/>
</testsuite> <!-- academy.HomePage -->
