<?xml version="1.0" encoding="UTF-8"?>
<!-- Generated by org.testng.reporters.JUnitReportReporter -->
<testsuite skipped="0" hostname="LAPTOP-MJ36HM04" name="academy.PracticePage2HomePage" tests="1" failures="0" timestamp="2022-06-13T08:26:38 IST" time="5.571" errors="0">
  <testcase name="PracticePage2Navigation" time="5.571" classname="academy.PracticePage2HomePage"/>
  <system-out/>
</testsuite> <!-- academy.PracticePage2HomePage -->
