<?xml version="1.0" encoding="UTF-8"?>
<!-- Generated by org.testng.reporters.JUnitReportReporter -->
<testsuite skipped="0" hostname="LAPTOP-MJ36HM04" name="academy.ValidateTitle" tests="1" failures="0" timestamp="2022-06-13T08:26:38 IST" time="0.326" errors="0">
  <testcase name="validatingTitle" time="0.326" classname="academy.ValidateTitle"/>
  <system-out/>
</testsuite> <!-- academy.ValidateTitle -->
